<?xml version="1.0" encoding="UTF-8"?>
<testsuite xmlns:xsi="http://www.w3.org/2001/XMLSchema-instance" xsi:noNamespaceSchemaLocation="https://maven.apache.org/surefire/maven-surefire-plugin/xsd/surefire-test-report.xsd" version="3.0.2" name="com.coding.exercise.bankapp.repository.AccountRepositoryIntegrationTest" time="0.13" tests="6" errors="0" skipped="0" failures="0">
  <properties>
[...]
</properties>
  <testcase name="findById_existingAccount_returnsAccount" classname="com.coding.exercise.bankapp.repository.AccountRepositoryIntegrationTest" time="0.019">
    <system-out><![CDATA[2026-08-13T03:14:58.680Z  INFO 83817 --- [           main] t.c.s.AnnotationConfigContextLoaderUtils : Could not detect default configuration classes for test class [com.coding.exercise.bankapp.repository.AccountRepositoryIntegrationTest]: AccountRepositoryIntegrationTest does not declare any static, non-private, non-final, nested classes annotated with @Configuration.
2026-08-13T03:14:58.706Z  INFO 83817 --- [           main] .b.t.c.SpringBootTestContextBootstrapper : Found @SpringBootConfiguration com.coding.exercise.bankapp.BankingApplication for test class com.coding.exercise.bankapp.repository.AccountRepositoryIntegrationTest
]]></system-out>
  </testcase>
  <testcase name="save_persistsAccountAndGeneratesId" classname="com.coding.exercise.bankapp.repository.AccountRepositoryIntegrationTest" time="0.005"/>
  <testcase name="save_prePersistSetsCreateDateTime" classname="com.coding.exercise.bankapp.repository.AccountRepositoryIntegrationTest" time="0.006"/>
  <testcase name="findById_nonExistent_returnsEmpty" classname="com.coding.exercise.bankapp.repository.AccountRepositoryIntegrationTest" time="0.016">
    <system-out><![CDATA[Hibernate: select a1_0.acct_id,a1_0.account_balance,a1_0.account_number,a1_0.account_status,a1_0.account_type,bi1_0.bank_id,ba1_0.addr_id,ba1_0.address1,ba1_0.address2,ba1_0.city,ba1_0.country,ba1_0.state,ba1_0.zip,bi1_0.branch_code,bi1_0.branch_name,bi1_0.routing_number,a1_0.create_date_time,a1_0.update_date_time from account a1_0 left join bank_info bi1_0 on bi1_0.bank_id=a1_0.bank_information_bank_id left join address ba1_0 on ba1_0.addr_id=bi1_0.branch_address_addr_id where a1_0.acct_id=?
]]></system-out>
  </testcase>
  <testcase name="save_preUpdateSetsUpdateDateTime" classname="com.coding.exercise.bankapp.repository.AccountRepositoryIntegrationTest" time="0.013">
    <system-out><![CDATA[Hibernate: insert into address (address1,address2,city,country,state,zip,addr_id) values (?,?,?,?,?,?,?)
Hibernate: insert into bank_info (branch_address_addr_id,branch_code,branch_name,routing_number,bank_id) values (?,?,?,?,?)
Hibernate: insert into account (account_balance,account_number,account_status,account_type,bank_information_bank_id,create_date_time,update_date_time,acct_id) values (?,?,?,?,?,?,?,?)
Hibernate: update account set account_balance=?,account_number=?,account_status=?,account_type=?,bank_information_bank_id=?,create_date_time=?,update_date_time=? where acct_id=?
]]></system-out>
  </testcase>
  <testcase name="deleteById_removesAccount" classname="com.coding.exercise.bankapp.repository.AccountRepositoryIntegrationTest" time="0.005"/>
</testsuite>