<?xml version="1.0" encoding="UTF-8"?>
<testsuite xmlns:xsi="http://www.w3.org/2001/XMLSchema-instance" xsi:noNamespaceSchemaLocation="https://maven.apache.org/surefire/maven-surefire-plugin/xsd/surefire-test-report.xsd" version="3.0.2" name="com.coding.exercise.bankapp.VirtualThreadsTest" time="6.862" tests="4" errors="0" skipped="0" failures="0">
  <properties>
[...]
</properties>
  <testcase name="virtualThreadsConfigurationIsEnabled" classname="com.coding.exercise.bankapp.VirtualThreadsTest" time="0.485">
    <system-out><![CDATA[11:27:35.746 [main] INFO org.springframework.test.context.support.AnnotationConfigContextLoaderUtils -- Could not detect default configuration classes for test class [com.coding.exercise.bankapp.VirtualThreadsTest]: VirtualThreadsTest does not declare any static, non-private, non-final, nested classes annotated with @Configuration.
11:27:35.870 [main] INFO org.springframework.boot.test.context.SpringBootTestContextBootstrapper -- Found @SpringBootConfiguration com.coding.exercise.bankapp.BankingApplication for test class com.coding.exercise.bankapp.VirtualThreadsTest
11:27:36.017 [main] INFO org.springframework.boot.devtools.restart.RestartApplicationListener -- Restart disabled due to context in which it is running

  .   ____          _            __ _ _
 /\\ / ___'_ __ _ _(_)_ __  __ _ \ \ \ \
( ( )\___ | '_ | '_| | '_ \/ _` | \ \ \ \
 \\/  ___)| |_)| | | | | || (_| |  ) ) ) )
  '  |____| .__|_| |_|_| |_\__, | / / / /
 =========|_|==============|___/=/_/_/_/

 :: Spring Boot ::               (v3.4.13)

2026-08-12T11:27:36.429Z  INFO 22787 --- [           main] c.c.exercise.bankapp.VirtualThreadsTest  : Starting VirtualThreadsTest using Java 25.0.4 with PID 22787 (started by node in /tmp/claude-mcp-hsCxCd)
2026-08-12T11:27:36.431Z  INFO 22787 --- [           main] c.c.exercise.bankapp.VirtualThreadsTest  : No active profile set, falling back to 1 default profile: "default"
2026-08-12T11:27:37.740Z  INFO 22787 --- [           main] .s.d.r.c.RepositoryConfigurationDelegate : Bootstrapping Spring Data JPA repositories in DEFAULT mode.
2026-08-12T11:27:37.815Z  INFO 22787 --- [           main] .s.d.r.c.RepositoryConfigurationDelegate : Finished Spring Data repository scanning in 61 ms. Found 4 JPA repository interfaces.
2026-08-12T11:27:38.353Z  INFO 22787 --- [           main] com.zaxxer.hikari.HikariDataSource       : HikariPool-1 - Starting...
2026-08-12T11:27:38.543Z  INFO 22787 --- [           main] com.zaxxer.hikari.pool.HikariPool        : HikariPool-1 - Added connection conn0: url=jdbc:h2:mem:db49313f-e4bf-4391-a71b-52af83da3d66 user=SA
2026-08-12T11:27:38.545Z  INFO 22787 --- [           main] com.zaxxer.hikari.HikariDataSource       : HikariPool-1 - Start completed.
2026-08-12T11:27:38.592Z  INFO 22787 --- [           main] o.hibernate.jpa.internal.util.LogHelper  : HHH000204: Processing PersistenceUnitInfo [name: default]
2026-08-12T11:27:38.639Z  INFO 22787 --- [           main] org.hibernate.Version                    : HHH000412: Hibernate ORM core version 6.6.39.Final
2026-08-12T11:27:38.673Z  INFO 22787 --- [           main] o.h.c.internal.RegionFactoryInitiator    : HHH000026: Second-level cache disabled
2026-08-12T11:27:38.941Z  INFO 22787 --- [           main] o.s.o.j.p.SpringPersistenceUnitInfo      : No LoadTimeWeaver setup: ignoring JPA class transformer
2026-08-12T11:27:39.006Z  INFO 22787 --- [           main] org.hibernate.orm.connections.pooling    : HHH10001005: Database info:
	Database JDBC URL [Connecting through datasource 'HikariDataSource (HikariPool-1)']
	Database driver: undefined/unknown
	Database version: 2.3.232
	Autocommit mode: undefined/unknown
	Isolation level: undefined/unknown
	Minimum pool size: undefined/unknown
	Maximum pool size: undefined/unknown
2026-08-12T11:27:39.886Z  INFO 22787 --- [           main] o.h.e.t.j.p.i.JtaPlatformInitiator       : HHH000489: No JTA platform available (set 'hibernate.transaction.jta.platform' to enable JTA platform integration)
2026-08-12T11:27:39.949Z  INFO 22787 --- [           main] j.LocalContainerEntityManagerFactoryBean : Initialized JPA EntityManagerFactory for persistence unit 'default'
2026-08-12T11:27:40.496Z  WARN 22787 --- [           main] JpaBaseConfiguration$JpaWebConfiguration : spring.jpa.open-in-view is enabled by default. Therefore, database queries may be performed during view rendering. Explicitly configure spring.jpa.open-in-view to disable this warning
2026-08-12T11:27:40.539Z  INFO 22787 --- [           main] r$InitializeUserDetailsManagerConfigurer : Global AuthenticationManager configured with UserDetailsService bean with name inMemoryUserDetailsManager
2026-08-12T11:27:40.983Z  INFO 22787 --- [           main] o.s.b.a.e.web.EndpointLinksResolver      : Exposing 1 endpoint beneath base path '/actuator'
2026-08-12T11:27:41.156Z  INFO 22787 --- [           main] o.s.v.b.OptionalValidatorFactoryBean     : Failed to set up a Bean Validation provider: jakarta.validation.NoProviderFoundException: Unable to create a Configuration, because no Jakarta Bean Validation provider could be found. Add a provider like Hibernate Validator (RI) to your classpath.
2026-08-12T11:27:41.435Z  INFO 22787 --- [           main] o.s.b.a.h2.H2ConsoleAutoConfiguration    : H2 console available at '/h2-console'. Database available at 'jdbc:h2:mem:db49313f-e4bf-4391-a71b-52af83da3d66'
2026-08-12T11:27:41.480Z  INFO 22787 --- [           main] o.s.b.t.m.w.SpringBootMockServletContext : Initializing Spring TestDispatcherServlet ''
2026-08-12T11:27:41.481Z  INFO 22787 --- [           main] o.s.t.web.servlet.TestDispatcherServlet  : Initializing Servlet ''
2026-08-12T11:27:41.482Z  INFO 22787 --- [           main] o.s.t.web.servlet.TestDispatcherServlet  : Completed initialization in 1 ms
2026-08-12T11:27:41.666Z  INFO 22787 --- [           main] c.c.exercise.bankapp.VirtualThreadsTest  : Started VirtualThreadsTest in 5.66 seconds (process running for 6.65)
]]></system-out>
    <system-err><![CDATA[Mockito is currently self-attaching to enable the inline-mock-maker. This will no longer work in future releases of the JDK. Please add Mockito as an agent to your build what is described in Mockito's documentation: https://javadoc.io/doc/org.mockito/mockito-core/latest/org/mockito/Mockito.html#0.3
WARNING: A Java agent has been loaded dynamically (/home/node/.m2/repository/net/bytebuddy/byte-buddy-agent/1.15.11/byte-buddy-agent-1.15.11.jar)
WARNING: If a serviceability tool is in use, please run with -XX:+EnableDynamicAgentLoading to hide this warning
WARNING: If a serviceability tool is not in use, please run with -Djdk.instrument.traceUsage for more information
WARNING: Dynamic loading of agents will be disallowed by default in a future release
]]></system-err>
  </testcase>
  <testcase name="jvmSupportsVirtualThreads" classname="com.coding.exercise.bankapp.VirtualThreadsTest" time="0.019"/>
  <testcase name="concurrentVirtualThreadExecution" classname="com.coding.exercise.bankapp.VirtualThreadsTest" time="0.011"/>
  <testcase name="applicationEndpointAccessible" classname="com.coding.exercise.bankapp.VirtualThreadsTest" time="0.148"/>
</testsuite>