<?xml version="1.0" encoding="UTF-8"?>
<testsuite xmlns:xsi="http://www.w3.org/2001/XMLSchema-instance" xsi:noNamespaceSchemaLocation="https://maven.apache.org/surefire/maven-surefire-plugin/xsd/surefire-test-report.xsd" version="3.0.2" name="com.coding.exercise.bankapp.repository.CustomerRepositoryIntegrationTest" time="0.748" tests="6" errors="0" skipped="0" failures="0">
  <properties>
[...]
</properties>
  <testcase name="findById_existingCustomer_returnsCustomer" classname="com.coding.exercise.bankapp.repository.CustomerRepositoryIntegrationTest" time="0.086">
    <system-out><![CDATA[2026-08-12T13:23:39.822Z  INFO 31811 --- [           main] t.c.s.AnnotationConfigContextLoaderUtils : Could not detect default configuration classes for test class [com.coding.exercise.bankapp.repository.CustomerRepositoryIntegrationTest]: CustomerRepositoryIntegrationTest does not declare any static, non-private, non-final, nested classes annotated with @Configuration.
2026-08-12T13:23:39.903Z  INFO 31811 --- [           main] .b.t.c.SpringBootTestContextBootstrapper : Found @SpringBootConfiguration com.coding.exercise.bankapp.BankingApplication for test class com.coding.exercise.bankapp.repository.CustomerRepositoryIntegrationTest
2026-08-12T13:23:39.909Z  INFO 31811 --- [           main] o.s.b.d.r.RestartApplicationListener     : Restart disabled due to context in which it is running

  .   ____          _            __ _ _
 /\\ / ___'_ __ _ _(_)_ __  __ _ \ \ \ \
( ( )\___ | '_ | '_| | '_ \/ _` | \ \ \ \
 \\/  ___)| |_)| | | | | || (_| |  ) ) ) )
  '  |____| .__|_| |_|_| |_\__, | / / / /
 =========|_|==============|___/=/_/_/_/

 :: Spring Boot ::               (v3.4.13)

2026-08-12T13:23:39.935Z  INFO 31811 --- [           main] .e.b.r.CustomerRepositoryIntegrationTest : Starting CustomerRepositoryIntegrationTest using Java 25.0.4 with PID 31811 (started by node in /tmp/claude-mcp-vGztbs)
2026-08-12T13:23:39.936Z  INFO 31811 --- [           main] .e.b.r.CustomerRepositoryIntegrationTest : The following 1 profile is active: "test"
2026-08-12T13:23:40.049Z  INFO 31811 --- [           main] .s.d.r.c.RepositoryConfigurationDelegate : Bootstrapping Spring Data JPA repositories in DEFAULT mode.
2026-08-12T13:23:40.065Z  INFO 31811 --- [           main] .s.d.r.c.RepositoryConfigurationDelegate : Finished Spring Data repository scanning in 14 ms. Found 4 JPA repository interfaces.
2026-08-12T13:23:40.080Z  INFO 31811 --- [           main] beddedDataSourceBeanFactoryPostProcessor : Replacing 'dataSource' DataSource bean with embedded version
2026-08-12T13:23:40.102Z  INFO 31811 --- [           main] o.s.j.d.e.EmbeddedDatabaseFactory        : Starting embedded database: url='jdbc:h2:mem:5af23ae2-790b-4082-b9e8-15eb4c395834;DB_CLOSE_DELAY=-1;DB_CLOSE_ON_EXIT=false', username='sa'
2026-08-12T13:23:40.124Z  INFO 31811 --- [           main] o.hibernate.jpa.internal.util.LogHelper  : HHH000204: Processing PersistenceUnitInfo [name: default]
2026-08-12T13:23:40.126Z  INFO 31811 --- [           main] o.h.c.internal.RegionFactoryInitiator    : HHH000026: Second-level cache disabled
2026-08-12T13:23:40.136Z  INFO 31811 --- [           main] o.s.o.j.p.SpringPersistenceUnitInfo      : No LoadTimeWeaver setup: ignoring JPA class transformer
2026-08-12T13:23:40.138Z  INFO 31811 --- [           main] org.hibernate.orm.connections.pooling    : HHH10001005: Database info:
	Database JDBC URL [Connecting through datasource 'org.springframework.jdbc.datasource.embedded.EmbeddedDatabaseFactory$EmbeddedDataSourceProxy@734db023']
	Database driver: undefined/unknown
	Database version: 2.3.232
	Autocommit mode: undefined/unknown
	Isolation level: undefined/unknown
	Minimum pool size: undefined/unknown
	Maximum pool size: undefined/unknown
2026-08-12T13:23:40.217Z  INFO 31811 --- [           main] o.h.e.t.j.p.i.JtaPlatformInitiator       : HHH000489: No JTA platform available (set 'hibernate.transaction.jta.platform' to enable JTA platform integration)
Hibernate: drop table if exists account cascade 
Hibernate: drop table if exists address cascade 
Hibernate: drop table if exists bank_info cascade 
Hibernate: drop table if exists contact cascade 
Hibernate: drop table if exists customer cascade 
Hibernate: drop table if exists customer_accountxref cascade 
Hibernate: drop table if exists transaction cascade 
Hibernate: create table account (account_balance float(53), account_number bigint, create_date_time timestamp(6) with time zone, update_date_time timestamp(6) with time zone, acct_id uuid not null, bank_information_bank_id uuid unique, account_status varchar(255), account_type varchar(255), primary key (acct_id))
Hibernate: create table address (addr_id uuid not null, address1 varchar(255), address2 varchar(255), city varchar(255), country varchar(255), state varchar(255), zip varchar(255), primary key (addr_id))
Hibernate: create table bank_info (branch_code integer, routing_number integer, bank_id uuid not null, branch_address_addr_id uuid unique, branch_name varchar(255), primary key (bank_id))
Hibernate: create table contact (contact_id uuid not null, email_id varchar(255), home_phone varchar(255), work_phone varchar(255), primary key (contact_id))
Hibernate: create table customer (create_date_time timestamp(6) with time zone, customer_number bigint, update_date_time timestamp(6) with time zone, contact_details_contact_id uuid unique, cust_id uuid not null, customer_address_addr_id uuid, first_name varchar(255), last_name varchar(255), middle_name varchar(255), status varchar(255), primary key (cust_id))
Hibernate: create table customer_accountxref (account_number bigint, customer_number bigint, cust_acc_xref_id uuid not null, primary key (cust_acc_xref_id))
Hibernate: create table transaction (tx_amount float(53), account_number bigint, tx_date_time timestamp(6) with time zone, tx_id uuid not null, tx_type varchar(255), primary key (tx_id))
Hibernate: alter table if exists account add constraint FKau908n3yo0tq3jcip43k6l7r6 foreign key (bank_information_bank_id) references bank_info
Hibernate: alter table if exists bank_info add constraint FKwe487nayxdkv22opjibql2mi foreign key (branch_address_addr_id) references address
Hibernate: alter table if exists customer add constraint FKe9w46eewuqabfx5m8rxa6bygo foreign key (contact_details_contact_id) references contact
Hibernate: alter table if exists customer add constraint FKf1ofd7lbom7qafm7esc6ke4hg foreign key (customer_address_addr_id) references address
2026-08-12T13:23:40.246Z  INFO 31811 --- [           main] j.LocalContainerEntityManagerFactoryBean : Initialized JPA EntityManagerFactory for persistence unit 'default'
2026-08-12T13:23:40.335Z  INFO 31811 --- [           main] .e.b.r.CustomerRepositoryIntegrationTest : Started CustomerRepositoryIntegrationTest in 0.426 seconds (process running for 7.779)
]]></system-out>
  </testcase>
  <testcase name="save_prePersistSetsCreateDateTime" classname="com.coding.exercise.bankapp.repository.CustomerRepositoryIntegrationTest" time="0.039"/>
  <testcase name="findById_nonExistent_returnsEmpty" classname="com.coding.exercise.bankapp.repository.CustomerRepositoryIntegrationTest" time="0.048">
    <system-out><![CDATA[Hibernate: select c1_0.cust_id,cd1_0.contact_id,cd1_0.email_id,cd1_0.home_phone,cd1_0.work_phone,c1_0.create_date_time,ca1_0.addr_id,ca1_0.address1,ca1_0.address2,ca1_0.city,ca1_0.country,ca1_0.state,ca1_0.zip,c1_0.customer_number,c1_0.first_name,c1_0.last_name,c1_0.middle_name,c1_0.status,c1_0.update_date_time from customer c1_0 left join contact cd1_0 on cd1_0.contact_id=c1_0.contact_details_contact_id left join address ca1_0 on ca1_0.addr_id=c1_0.customer_address_addr_id where c1_0.cust_id=?
]]></system-out>
  </testcase>
  <testcase name="save_preUpdateSetsUpdateDateTime" classname="com.coding.exercise.bankapp.repository.CustomerRepositoryIntegrationTest" time="0.031">
    <system-out><![CDATA[Hibernate: insert into contact (email_id,home_phone,work_phone,contact_id) values (?,?,?,?)
Hibernate: insert into address (address1,address2,city,country,state,zip,addr_id) values (?,?,?,?,?,?,?)
Hibernate: insert into customer (contact_details_contact_id,create_date_time,customer_address_addr_id,customer_number,first_name,last_name,middle_name,status,update_date_time,cust_id) values (?,?,?,?,?,?,?,?,?,?)
Hibernate: update customer set contact_details_contact_id=?,create_date_time=?,customer_address_addr_id=?,customer_number=?,first_name=?,last_name=?,middle_name=?,status=?,update_date_time=? where cust_id=?
]]></system-out>
  </testcase>
  <testcase name="save_persistsCustomerAndGeneratesId" classname="com.coding.exercise.bankapp.repository.CustomerRepositoryIntegrationTest" time="0.003"/>
  <testcase name="deleteById_removesCustomer" classname="com.coding.exercise.bankapp.repository.CustomerRepositoryIntegrationTest" time="0.007"/>
</testsuite>